"../../../Engine/Content/Functions/Engine_MaterialFunctions01/Shading/PowerToRoughness.uasset" 0
"../../../Engine/Content/Functions/Engine_MaterialFunctions01/Shading/ConvertFromDiffSpec.uasset" 1
"../../../Engine/Content/EngineMaterials/DefaultDiffuse.uasset" 2
"../../../Engine/Content/EngineMaterials/DefaultDeferredDecalMaterial.uasset" 3
"../../../Engine/Content/EngineMaterials/DefaultLightFunctionMaterial.uasset" 4
"../../../Engine/Content/Functions/Engine_MaterialFunctions02/Utility/BreakOutFloat2Components.uasset" 5
"../../../Engine/Content/EngineMaterials/DefaultPostProcessMaterial.uasset" 6
"../../../Engine/Content/EditorMaterials/Camera/CineMat.uasset" 7
"../../../Engine/Content/EditorMaterials/Camera/MI_CineMat_Rig.uasset" 8
"../../../Engine/Content/EditorMeshes/Camera/SM_CraneRig_Base.uasset" 9
"../../../Engine/Content/EditorMeshes/Camera/SM_CraneRig_Arm.uasset" 10
"../../../Engine/Content/EditorMeshes/Camera/SM_CraneRig_Mount.uasset" 11
"../../../Engine/Content/EditorMeshes/Camera/SM_CraneRig_Body.uasset" 12
"../../../Engine/Content/EditorMeshes/Camera/SM_RailRig_Track.uasset" 13
"../../../Engine/Content/EditorMeshes/Camera/SM_RailRig_Mount.uasset" 14
"../../../Engine/Content/EngineResources/AICON-Red.uasset" 15
"../../../Engine/Content/EngineResources/AICON-Green.uasset" 16
"../../../Engine/Content/EngineFonts/Roboto.uasset" 17
"../../../Engine/Content/EngineResources/DefaultTexture.uasset" 18
"../../../Engine/Content/Functions/Engine_MaterialFunctions01/Texturing/ScaleUVsByCenter.uasset" 19
"../../../Engine/Content/Functions/Engine_MaterialFunctions02/ScreenResolution.uasset" 20
"../../../Engine/Content/Functions/Engine_MaterialFunctions02/Texturing/ScreenAlignedUVs.uasset" 21
"../../../Engine/Content/EngineResources/WhiteSquareTexture.uasset" 22
"../../../Engine/Content/EngineMaterials/Widget3DPassThrough.uasset" 23
"../../../Engine/Content/EngineMaterials/Widget3DPassThrough_Translucent.uasset" 24
"../../../Engine/Content/EngineMaterials/Widget3DPassThrough_Translucent_OneSided.uasset" 25
"../../../Engine/Content/EngineMaterials/Widget3DPassThrough_Opaque.uasset" 26
"../../../Engine/Content/EngineMaterials/Widget3DPassThrough_Opaque_OneSided.uasset" 27
"../../../Engine/Content/EngineMaterials/Widget3DPassThrough_Masked.uasset" 28
"../../../Engine/Content/EngineMaterials/Widget3DPassThrough_Masked_OneSided.uasset" 29
"../../../Engine/Content/EditorResources/S_Actor.uasset" 30
"../../../Engine/Content/EditorMaterials/AssetViewer/EpicQuadPanorama_CC+EV1.uasset" 31
"../../../Engine/Content/EditorResources/RGBTable16x1_AssetViewer.uasset" 32
"../../../Engine/Content/Maps/Templates/Thumbnails/Default.uasset" 33
"../../../Engine/Content/Maps/Templates/Thumbnails/VR-Basic.uasset" 34
"../../../Engine/Content/EditorMaterials/ParticleSystems/PSysThumbnail_NoImage.uasset" 35
"../../../Engine/Content/EditorMaterials/ParticleSystems/PSysThumbnail_OOD.uasset" 36
"../../../Engine/Content/EditorLandscapeResources/DataLayer.uasset" 37
"../../../Engine/Content/EngineDamageTypes/DmgTypeBP_Environmental.uasset" 38
"../../../Engine/Content/EngineMeshes/Sphere.uasset" 39
"../../../Engine/Content/EngineFonts/RobotoDistanceField.uasset" 40
"../../../Engine/Content/EngineMaterials/DefaultTextMaterialOpaque.uasset" 41
"../../../Engine/Content/EditorResources/S_Trigger.uasset" 42
"../../../Engine/Content/EngineResources/GradientTexture0.uasset" 43
"../../../Engine/Content/EngineResources/Black.uasset" 44
"../../../Engine/Content/EditorMaterials/MatineeGroups/MAT_Groups_Float.uasset" 45
"../../../Engine/Content/EditorMaterials/MatineeGroups/MAT_Groups_Director.uasset" 46
"../../../Engine/Content/EditorMaterials/MatineeGroups/MAT_Groups_Event.uasset" 47
"../../../Engine/Content/EditorMaterials/MatineeGroups/MAT_Groups_Anim.uasset" 48
"../../../Engine/Content/EditorMaterials/MatineeGroups/MAT_Groups_Fade.uasset" 49
"../../../Engine/Content/EditorMaterials/MatineeGroups/MAT_Groups_Move.uasset" 50
"../../../Engine/Content/EditorMaterials/MatineeGroups/MAT_Groups_Slomo.uasset" 51
"../../../Engine/Content/EditorMaterials/MatineeGroups/MAT_ColorTrack.uasset" 52
"../../../Engine/Content/EditorMaterials/MAT_Groups_Toggle.uasset" 53
"../../../Engine/Content/EditorMaterials/MatineeGroups/MAT_Groups_AudioMaster.uasset" 54
"../../../Engine/Content/EditorMaterials/MatineeGroups/MAT_Groups_Sound.uasset" 55
"../../../Engine/Content/EditorMaterials/MatineeGroups/MAT_Groups_Vector.uasset" 56
"../../../Engine/Content/EditorMaterials/MAT_Groups_Visibility.uasset" 57
"../../../Engine/Content/EngineResources/DefaultTextureCube.uasset" 58
"../../../Engine/Content/Functions/Engine_MaterialFunctions01/Opacity/CameraDepthFade.uasset" 59
"../../../Engine/Content/EngineMaterials/T_Default_Material_Grid_M.uasset" 60
"../../../Engine/Content/EngineMaterials/T_Default_Material_Grid_N.uasset" 61
"../../../Engine/Content/EngineMaterials/DefaultMaterial.uasset" 62
"../../../Engine/Content/EngineMeshes/Cylinder.uasset" 63
"../../../Engine/Content/EngineTireTypes/DefaultTireType.uasset" 64
"../../../Engine/Content/VREditor/LaserPointer/VR_LaserPower_01.uasset" 65
"../../../Engine/Content/VREditor/TransformGizmo/TransformGizmoMaterial.uasset" 66
"../../../Engine/Content/VREditor/TransformGizmo/TranslucentTransformGizmoMaterial.uasset" 67
"../../../Engine/Content/VREditor/TransformGizmo/UniformScaleHandle.uasset" 68
"../../../Engine/Content/VREditor/TransformGizmo/TranslateHandleLong.uasset" 69
"../../../Engine/Content/VREditor/TransformGizmo/PlaneTranslationHandle.uasset" 70
"../../../Engine/Content/VREditor/TransformGizmo/RotationHandleFull.uasset" 71
"../../../Engine/Content/VREditor/TransformGizmo/StretchingHandle.uasset" 72
"../../../Engine/Content/VREditor/TransformGizmo/BoundingBoxCorner.uasset" 73
"../../../Engine/Content/VREditor/TransformGizmo/BoundingBoxEdge.uasset" 74
"../../../Engine/Content/VREditor/UI/SelectionBarMesh.uasset" 75
"../../../Engine/Content/VREditor/UI/CloseButtonMesh.uasset" 76
"../../../Engine/Content/VREditor/FloatingText/LineMaterial.uasset" 77
"../../../Engine/Content/VREditor/FloatingText/LineSegmentCylinder.uasset" 78
"../../../Engine/Content/VREditor/FloatingText/JointSphere.uasset" 79
"../../../Engine/Content/VREditor/Fonts/VRText_RobotoLarge.uasset" 80
"../../../Engine/Content/VREditor/Fonts/VRTextMaterial.uasset" 81
"../../../Engine/Content/VREditor/Fonts/TranslucentVRTextMaterial.uasset" 82
"../../../Engine/Content/VREditor/TransformGizmo/TranslationHandle.uasset" 83
"../../../Engine/Content/VREditor/TransformGizmo/RotationHandle.uasset" 84
"../../../Engine/Content/VREditor/Devices/Generic/GenericHMDMaterial.uasset" 85
"../../../Engine/Content/VREditor/Devices/Generic/GenericHMD.uasset" 86
"../../../Engine/Content/Functions/Engine_MaterialFunctions01/Gradient/RadialGradient.uasset" 87
"../../../Engine/Content/EditorLandscapeResources/FlattenHeightMat.uasset" 88
"../../../Engine/Content/VREditor/WorldMovementGrid/PlaneMesh.uasset" 89
"../../../Engine/Content/VREditor/WorldMovementGrid/SimpleGrid.uasset" 90
"../../../Engine/Content/VREditor/WorldMovementGrid/GridMaterial.uasset" 91
"../../../Engine/Content/VREditor/LaserPointer/LaserPointerMaterial.uasset" 92
"../../../Engine/Content/VREditor/LaserPointer/LaserPointerMaterialInst.uasset" 93
"../../../Engine/Content/VREditor/LaserPointer/TranslucentLaserPointerMaterialInst.uasset" 94
"../../../Engine/Content/VREditor/LaserPointer/LaserPointerMesh.uasset" 95
"../../../Engine/Content/Functions/Engine_MaterialFunctions01/Density/ExponentialDensity.uasset" 96
"../../../Engine/Content/VREditor/WorldMovementGrid/GridPostProcess.uasset" 97
"../../../Engine/Content/VREditor/Sounds/VR_teleport_Cue.uasset" 98
"../../../Engine/Content/VREditor/Sounds/VR_grab_Cue.uasset" 99
"../../../Engine/Content/Tutorial/Basics/TutorialAssets/icon_tab_Levels_40x.uasset" 100
"../../../Engine/Content/Tutorial/BlueprintTutorials/TutorialAssets/Blueprint_64x.uasset" 101
"../../../Engine/Content/Tutorial/BlueprintTutorials/TutorialAssets/BlueprintInterface_64x.uasset" 102
"../../../Engine/Content/Tutorial/ContentIntroCurve.uasset" 103
"../../../Engine/Plugins/2D/Paper2D/Content/PlaceholderTextures/DummySpriteTexture.uasset" 104
"../../../Engine/Plugins/2D/Paper2D/Content/DefaultSpriteMaterial.uasset" 105
"../../../Engine/Plugins/2D/Paper2D/Content/MaskedUnlitSpriteMaterial.uasset" 106
"../../../Engine/Plugins/2D/Paper2D/Content/OpaqueUnlitSpriteMaterial.uasset" 107
"../../../Engine/Plugins/2D/Paper2D/Content/DummySprite.uasset" 108
"../../../Engine/Plugins/2D/Paper2D/Content/DefaultPaperTerrainMaterial.uasset" 109
"../../../Engine/Content/EngineMaterials/RemoveSurfaceMaterial.uasset" 110
"../../../Engine/Content/EngineDebugMaterials/DebugMeshMaterial.uasset" 111
"../../../Engine/Content/EngineMaterials/InvalidLightmapSettings.uasset" 112
"../../../Engine/Content/EngineMaterials/M_InvalidLightmapSettings.uasset" 113
"../../../Engine/Content/EditorMaterials/GizmoMaterial.uasset" 114
"../../../Engine/Content/EngineMaterials/PhAT_JointLimitMaterial.uasset" 115
"../../../Engine/Content/EngineMaterials/Good64x64TilingNoiseHighFreq.uasset" 116
"../../../Engine/Content/EngineMaterials/DefaultBokeh.uasset" 117
"../../../Engine/Content/EngineMaterials/PreintegratedSkinBRDF.uasset" 118
"../../../Engine/Content/EngineMaterials/MiniFont.uasset" 119
"../../../Engine/Content/EngineMaterials/WeightMapPlaceholderTexture.uasset" 120
"../../../Engine/Content/EngineMaterials/DefaultWhiteGrid.uasset" 121
"../../../Engine/Content/EngineMaterials/DefaultPhysicalMaterial.uasset" 122
"../../../Engine/Content/EngineFonts/RobotoTiny.uasset" 123
"../../../Engine/Content/EditorSounds/Notifications/CompileSuccess.uasset" 124
"../../../Engine/Content/EditorSounds/Notifications/CompileStart_Cue.uasset" 125
"../../../Engine/Content/EditorSounds/Notifications/CompileSuccess_Cue.uasset" 126
"../../../Engine/Content/EditorSounds/Notifications/CompileFailed.uasset" 127
"../../../Engine/Content/EditorSounds/Notifications/CompileFailed_Cue.uasset" 128
"../../../Engine/Content/EngineMaterials/WorldGridMaterial.uasset" 129
"../../../Engine/Content/BasicShapes/Cube.uasset" 130
"../../../Engine/Content/BasicShapes/Cylinder.uasset" 131
"../../../Engine/Content/BasicShapes/Cone.uasset" 132
"../../../Engine/Content/EditorResources/BSPVertex.uasset" 133
"../../../Engine/Content/EngineDebugMaterials/GeomMaterial.uasset" 134
"../../../Engine/Content/EngineDebugMaterials/HeatmapGradient.uasset" 135
"../../../Engine/Content/EngineDebugMaterials/BoneWeightMaterial.uasset" 136
"../../../Engine/Content/EditorMaterials/PreviewShadowIndicator.uasset" 137
"../../../Engine/Content/EditorMaterials/PreviewShadowIndicatorMaterial.uasset" 138
"../../../Engine/Content/EngineMaterials/EditorBrushMaterial.uasset" 139
"../../../Engine/Content/EditorMeshes/ColorCalibrator/M_ChromeBall.uasset" 140
"../../../Engine/Content/EditorMeshes/ColorCalibrator/M_ClearCoat.uasset" 141
"../../../Engine/Content/EditorMeshes/ColorCalibrator/M_ClearCoatBlack.uasset" 142
"../../../Engine/Content/EditorMeshes/ColorCalibrator/T_ColorGrid.uasset" 143
"../../../Engine/Content/EditorMeshes/ColorCalibrator/M_ColorGrid.uasset" 144
"../../../Engine/Content/EditorMeshes/ColorCalibrator/M_GreyBall.uasset" 145
"../../../Engine/Content/EditorMeshes/ColorCalibrator/SM_ColorCalibrator.uasset" 146
"../../../Engine/Content/MobileResources/HUD/VirtualJoystick_Background.uasset" 147
"../../../Engine/Content/MobileResources/HUD/VirtualJoystick_Thumb.uasset" 148
"../../../Engine/Content/MobileResources/HUD/DefaultVirtualJoysticks.uasset" 149
"../../../Engine/Content/Tutorial/SubEditors/TutorialAssets/icon_Editor_Preferences_General_40x.uasset" 150
"../../../Engine/Content/Tutorial/Paper2D/TutorialAssets/Paper2DSprite_TutorialIcon.uasset" 151
"../../../Engine/Content/Tutorial/SubEditors/TutorialAssets/icon_ShowSkeletalMeshes_40x.uasset" 152
"../../../Engine/Content/Tutorial/Landscape/TutorialAssets/Landscape.uasset" 153
"../../../Engine/Content/Tutorial/Foliage/TutorialAssets/Foliage.uasset" 154
"../../../Engine/Content/Tutorial/BlueprintTutorials/TutorialAssets/BlueprintMacroLibrary_64x.uasset" 155
"../../../Engine/Content/Tutorial/Paper2D/TutorialAssets/Paper2DFlipbook_TutorialIcon.uasset" 156
"../../../Engine/Content/MobileResources/HUD/T_Castle_ThumbstickInner.uasset" 157
"../../../Engine/Content/Tutorial/BlueprintTutorials/TutorialAssets/Tutorial_BP_Interface.uasset" 158
"../../../Engine/Content/EditorResources/EmptyActor.uasset" 159
"../../../Engine/Content/MobileResources/HUD/MobileHUDDirectionPad3.uasset" 160
"../../../Engine/Content/MobileResources/HUD/MobileHUDDirectionPad2.uasset" 161
"../../../Engine/Content/MobileResources/HUD/MobileHUDDirectionPad.uasset" 162
"../../../Engine/Content/MobileResources/HUD/MobileHUDButtonFire.uasset" 163
"../../../Engine/Content/MobileResources/HUD/MobileHUDButton3.uasset" 164
"../../../Engine/Content/EngineMeshes/Cube.uasset" 165
"../../../Engine/Content/EditorMeshes/EditorCube.uasset" 166
"../../../Engine/Content/Tutorial/SubEditors/TutorialAssets/Tutorial_DM.uasset" 167
"../../../Engine/Content/Tutorial/SubEditors/TutorialAssets/TutorialMaterial.uasset" 168
"../../../Engine/Content/Tutorial/SubEditors/TutorialAssets/T_SmokeSubUV_8X8.uasset" 169
"../../../Engine/Content/Tutorial/SubEditors/TutorialAssets/T_soft_smoke.uasset" 170
"../../../Engine/Content/Tutorial/SubEditors/TutorialAssets/M_smoke_subUV_blackbody.uasset" 171
"../../../Engine/Content/Tutorial/SubEditors/TutorialAssets/TutorialParticleSystem.uasset" 172
"../../../Engine/Content/MobileResources/HUD/MobileHUDButton1_on.uasset" 173
"../../../Engine/Content/MobileResources/HUD/MobileHUDButton1_off.uasset" 174
"../../../Engine/Content/MobileResources/HUD/LeftVirtualJoystickOnly.uasset" 175
"../../../Engine/Content/MobileResources/HUD/AnalogHat.uasset" 176
"../../../Engine/Content/MobileResources/T_MobileMenu2.uasset" 177
"../../../Engine/Content/MobileResources/T_MobileControls_texture.uasset" 178
"../../../GAP/Content/Font/Sho-CardCapsNF.uasset" 179
"../../../GAP/Content/Font/Instruction_Italic.uasset" 180
"../../../GAP/Content/Font/Instruction_Bold_Italic.uasset" 181
"../../../GAP/Content/Font/Instruction_Bold.uasset" 182
"../../../GAP/Content/Font/DISCOVERY.uasset" 183
"../../../GAP/Content/Cinematics/Sequences/MenuSequence/shots/shot0050/shot0050_001.uasset" 184
"../../../GAP/Content/Cinematics/Sequences/MenuSequence/shots/shot0040/shot0040_001.uasset" 185
"../../../GAP/Content/Cinematics/Sequences/MenuSequence/shots/shot0030/shot0030_001.uasset" 186
"../../../GAP/Content/Cinematics/Sequences/MenuSequence/shots/shot0020/shot0020_001.uasset" 187
"../../../GAP/Content/BP/Graphic/anim/character_Skeleton.uasset" 188
"../../../GAP/Content/BP/Graphic/anim/run_anim_Anim.uasset" 189
"../../../GAP/Content/BP/Graphic/anim/character_Blueprint.uasset" 190
"../../../GAP/Content/BP/FP/Free_Camera.uasset" 191
"../../../GAP/Content/BP/Graphic/anim/patron_character_2.uasset" 192
"../../../GAP/Content/BP/Graphic/anim/character_material.uasset" 193
"../../../GAP/Content/BP/Graphic/anim/character_PhysicsAsset.uasset" 194
"../../../GAP/Content/BP/Graphic/anim/character_mesh.uasset" 195
"../../../GAP/Content/BP/Save/save_options.uasset" 196
"../../../GAP/Content/BP/Save/save_position.uasset" 197
"../../../GAP/Content/Font/TorweltenMono.uasset" 198
"../../../GAP/Content/BP/Graphic/sprite_menu/button_texture.uasset" 199
"../../../GAP/Content/BP/Menu/DeathMenu.uasset" 200
"../../../GAP/Content/BP/Menu/EndMenu.uasset" 201
"../../../GAP/Content/BP/FP/PlayerCharacter.uasset" 202
"../../../Engine/Content/EditorBlueprintResources/StandardMacros.uasset" 203
"../../../GAP/Content/BP/Platforms/resizeFrom4D.uasset" 204
"../../../GAP/Content/BP/Graphic/Plat_light.uasset" 205
"../../../Engine/Content/BasicShapes/Sphere.uasset" 206
"../../../GAP/Content/BP/Platforms/platform.uasset" 207
"../../../GAP/Content/BP/Graphic/image_textures/platform_basis_COLOR.uasset" 208
"../../../GAP/Content/BP/Graphic/image_textures/platform_basis_M.uasset" 209
"../../../GAP/Content/BP/Graphic/image_textures/platform_basis_NRM.uasset" 210
"../../../GAP/Content/BP/Graphic/main_texture.uasset" 211
"../../../GAP/Content/BP/Graphic/main_texture_Inst1.uasset" 212
"../../../GAP/Content/BP/Graphic/basis_platform.uasset" 213
"../../../GAP/Content/BP/Platforms/list_plat/plat_grav_change.uasset" 214
"../../../GAP/Content/BP/Graphic/main_texture_Inst4.uasset" 215
"../../../GAP/Content/BP/Platforms/list_plat/OLD_resize.uasset" 216
"../../../GAP/Content/BP/Graphic/image_textures/platform_basis_SPEC.uasset" 217
"../../../GAP/Content/BP/Graphic/image_textures/platform_basis_OCC.uasset" 218
"../../../GAP/Content/BP/Graphic/image_textures/platform_basis_DISP.uasset" 219
"../../../GAP/Content/BP/Graphic/anim/stay_anim_Anim.uasset" 220
"../../../GAP/Content/BP/Graphic/anim/end_anim_Anim.uasset" 221
"../../../Engine/Content/MobileResources/HUD/T_Castle_ThumbstickOutter.uasset" 222
"../../../Engine/Content/MobileResources/HUD/MobileHUDDirectionStick.uasset" 223
"../../../Engine/Content/MobileResources/HUD/MobileHUDButton2_on.uasset" 224
"../../../Engine/Content/MobileResources/HUD/MobileHUDButton2_off.uasset" 225
"../../../GAP/Content/BP/Graphic/menu_platform_textures/menu_Inst1.uasset" 226
"../../../GAP/Content/BP/Graphic/menu_platform_textures/platform_menu1.uasset" 227
"../../../GAP/Content/BP/Graphic/menu_platform_textures/menu_Inst2.uasset" 228
"../../../GAP/Content/BP/Graphic/menu_platform_textures/platform_menu2.uasset" 229
"../../../GAP/Content/BP/Graphic/menu_platform_textures/menu_Inst3.uasset" 230
"../../../GAP/Content/BP/Graphic/menu_platform_textures/platform_menu3.uasset" 231
"../../../GAP/Content/BP/Graphic/menu_platform_textures/menu_Inst4.uasset" 232
"../../../GAP/Content/BP/Graphic/menu_platform_textures/platform_menu4.uasset" 233
"../../../GAP/Content/Font/Instruction.uasset" 234
"../../../GAP/Content/BP/Menu/level_b.uasset" 235
"../../../GAP/Content/BP/Menu/MainMenu.uasset" 236
"../../../GAP/Content/Menu.umap" 237
"../../../GAP/Content/BP/FP/PlayerCameraGravity.uasset" 238
"../../../GAP/Content/BP/FP/GravityController.uasset" 239
"../../../GAP/Content/BP/FP/FirstPerson.uasset" 240
"../../../GAP/Content/BP/Platforms/list_plat/bridge_1.uasset" 241
"../../../GAP/Content/BP/Platforms/list_plat/plat_1.uasset" 242
"../../../GAP/Content/BP/Graphic/main_texture_Inst2.uasset" 243
"../../../GAP/Content/BP/Platforms/list_plat/plat_2.uasset" 244
"../../../GAP/Content/BP/Platforms/list_plat/Plat_ascensor.uasset" 245
"../../../GAP/Content/BP/Graphic/main_texture_Inst3.uasset" 246
"../../../GAP/Content/BP/Platforms/list_plat/plat_end.uasset" 247
"../../../GAP/Content/BP/Platforms/list_plat/plat_save.uasset" 248
"../../../GAP/Content/BP/Menu/PauseMenu.uasset" 249
"../../../GAP/Content/BP/Menu/Load_Fail.uasset" 250
"../../../GAP/Content/BaseLevel.umap" 251
